<?xml version="1.0" encoding="UTF-8"?>
<!-- Generated by org.testng.reporters.JUnitReportReporter -->
<testsuite skipped="0" hostname="DESKTOP-J838PBO" name="latest.selenium.testcases.NewTest" tests="1" failures="0" timestamp="08 Jun 2018 06:42:59 GMT" time="76.365" errors="0">
  <testcase name="f" time="76.365" classname="latest.selenium.testcases.NewTest"/>
</testsuite> <!-- latest.selenium.testcases.NewTest -->
