<?xml version="1.0" encoding="UTF-8"?>
<!-- Generated by org.testng.reporters.JUnitReportReporter -->
<testsuite skipped="0" hostname="DESKTOP-J838PBO" name="latest.selenium.testcases.TestDataPicker" tests="1" failures="0" timestamp="12 Jun 2018 08:51:26 GMT" time="115.200" errors="0">
  <testcase name="testDataPicker" time="115.200" classname="latest.selenium.testcases.TestDataPicker"/>
</testsuite> <!-- latest.selenium.testcases.TestDataPicker -->
