<?xml version="1.0" encoding="UTF-8"?>
<!-- Generated by org.testng.reporters.JUnitReportReporter -->
<testsuite skipped="0" hostname="DESKTOP-J838PBO" name="latest.selenium.testcases.TestForm" tests="4" failures="0" timestamp="08 Jun 2018 10:46:03 GMT" time="31.463" errors="0">
  <testcase name="fillingRegistration" time="7.351" classname="latest.selenium.testcases.TestForm"/>
  <testcase name="fillingRegistration" time="13.648" classname="latest.selenium.testcases.TestForm"/>
  <testcase name="fillingRegistration" time="7.851" classname="latest.selenium.testcases.TestForm"/>
  <testcase name="fillingRegistration" time="2.613" classname="latest.selenium.testcases.TestForm"/>
</testsuite> <!-- latest.selenium.testcases.TestForm -->
